0 info it worked if it ends with ok
1 verbose cli [ '/usr/local/bin/node',
1 verbose cli   '/usr/local/bin/npm',
1 verbose cli   'install',
1 verbose cli   '-g',
1 verbose cli   'react-native-cli' ]
2 info using npm@2.15.9
3 info using node@v4.5.0
4 verbose install initial load of /usr/local/lib/package.json
5 verbose readDependencies loading dependencies from /usr/local/lib/package.json
6 silly cache add args [ 'react-native-cli', null ]
7 verbose cache add spec react-native-cli
8 silly cache add parsed spec Result {
8 silly cache add   raw: 'react-native-cli',
8 silly cache add   scope: null,
8 silly cache add   name: 'react-native-cli',
8 silly cache add   rawSpec: '',
8 silly cache add   spec: 'latest',
8 silly cache add   type: 'tag' }
9 silly addNamed react-native-cli@latest
10 verbose addNamed "latest" is being treated as a dist-tag for react-native-cli
11 info addNameTag [ 'react-native-cli', 'latest' ]
12 silly mapToRegistry name react-native-cli
13 silly mapToRegistry using default registry
14 silly mapToRegistry registry https://registry.npmjs.org/
15 silly mapToRegistry data Result {
15 silly mapToRegistry   raw: 'react-native-cli',
15 silly mapToRegistry   scope: null,
15 silly mapToRegistry   name: 'react-native-cli',
15 silly mapToRegistry   rawSpec: '',
15 silly mapToRegistry   spec: 'latest',
15 silly mapToRegistry   type: 'tag' }
16 silly mapToRegistry uri https://registry.npmjs.org/react-native-cli
17 verbose addNameTag registry:https://registry.npmjs.org/react-native-cli not in flight; fetching
18 verbose request uri https://registry.npmjs.org/react-native-cli
19 verbose request no auth needed
20 info attempt registry request try #1 at 11:45:10 PM
21 verbose request id 20afdd84dfcb033f
22 verbose etag W/"58ba2064-6003"
23 verbose lastModified Sat, 04 Mar 2017 02:03:16 GMT
24 http request GET https://registry.npmjs.org/react-native-cli
25 http 304 https://registry.npmjs.org/react-native-cli
26 verbose headers { date: 'Wed, 17 May 2017 18:15:11 GMT',
26 verbose headers   via: '1.1 varnish',
26 verbose headers   'cache-control': 'max-age=300',
26 verbose headers   etag: 'W/"58ba2064-6003"',
26 verbose headers   age: '36',
26 verbose headers   connection: 'keep-alive',
26 verbose headers   'x-served-by': 'cache-ams4125-AMS',
26 verbose headers   'x-cache': 'HIT',
26 verbose headers   'x-cache-hits': '1',
26 verbose headers   'x-timer': 'S1495044912.734790,VS0,VE0',
26 verbose headers   vary: 'Accept-Encoding' }
27 silly get cb [ 304,
27 silly get   { date: 'Wed, 17 May 2017 18:15:11 GMT',
27 silly get     via: '1.1 varnish',
27 silly get     'cache-control': 'max-age=300',
27 silly get     etag: 'W/"58ba2064-6003"',
27 silly get     age: '36',
27 silly get     connection: 'keep-alive',
27 silly get     'x-served-by': 'cache-ams4125-AMS',
27 silly get     'x-cache': 'HIT',
27 silly get     'x-cache-hits': '1',
27 silly get     'x-timer': 'S1495044912.734790,VS0,VE0',
27 silly get     vary: 'Accept-Encoding' } ]
28 verbose etag https://registry.npmjs.org/react-native-cli from cache
29 verbose get saving react-native-cli to /Users/chetankalra/.npm/registry.npmjs.org/react-native-cli/.cache.json
30 verbose correctMkdir /Users/chetankalra/.npm correctMkdir not in flight; initializing
31 silly addNameTag next cb for react-native-cli with tag latest
32 silly addNamed react-native-cli@2.0.1
33 verbose addNamed "2.0.1" is a plain semver version for react-native-cli
34 silly cache afterAdd react-native-cli@2.0.1
35 verbose afterAdd /Users/chetankalra/.npm/react-native-cli/2.0.1/package/package.json not in flight; writing
36 verbose correctMkdir /Users/chetankalra/.npm correctMkdir not in flight; initializing
37 verbose afterAdd /Users/chetankalra/.npm/react-native-cli/2.0.1/package/package.json written
38 silly install resolved [ { name: 'react-native-cli',
38 silly install resolved     version: '2.0.1',
38 silly install resolved     license: 'BSD-3-Clause',
38 silly install resolved     description: 'The React Native CLI tools',
38 silly install resolved     main: 'index.js',
38 silly install resolved     engines: { node: '>=4' },
38 silly install resolved     repository:
38 silly install resolved      { type: 'git',
38 silly install resolved        url: 'git+https://github.com/facebook/react-native.git' },
38 silly install resolved     scripts: { test: 'mocha' },
38 silly install resolved     bin: { 'react-native': 'index.js' },
38 silly install resolved     dependencies:
38 silly install resolved      { chalk: '^1.1.1',
38 silly install resolved        minimist: '^1.2.0',
38 silly install resolved        prompt: '^0.2.14',
38 silly install resolved        semver: '^5.0.3' },
38 silly install resolved     bugs: { url: 'https://github.com/facebook/react-native/issues' },
38 silly install resolved     homepage: 'https://github.com/facebook/react-native#readme',
38 silly install resolved     _id: 'react-native-cli@2.0.1',
38 silly install resolved     _shasum: 'f2cd3c7aa1b83828cdfba630e2dfd817df766d54',
38 silly install resolved     _from: 'react-native-cli@latest',
38 silly install resolved     _npmVersion: '3.10.8',
38 silly install resolved     _nodeVersion: '6.9.1',
38 silly install resolved     _npmUser: { name: 'mkonicek', email: 'martin.konicek@gmail.com' },
38 silly install resolved     dist:
38 silly install resolved      { shasum: 'f2cd3c7aa1b83828cdfba630e2dfd817df766d54',
38 silly install resolved        tarball: 'https://registry.npmjs.org/react-native-cli/-/react-native-cli-2.0.1.tgz' },
38 silly install resolved     maintainers:
38 silly install resolved      [ [Object],
38 silly install resolved        [Object],
38 silly install resolved        [Object],
38 silly install resolved        [Object],
38 silly install resolved        [Object],
38 silly install resolved        [Object],
38 silly install resolved        [Object] ],
38 silly install resolved     _npmOperationalInternal:
38 silly install resolved      { host: 'packages-12-west.internal.npmjs.com',
38 silly install resolved        tmp: 'tmp/react-native-cli-2.0.1.tgz_1481898483578_0.7135944531764835' },
38 silly install resolved     directories: {},
38 silly install resolved     _resolved: 'https://registry.npmjs.org/react-native-cli/-/react-native-cli-2.0.1.tgz',
38 silly install resolved     readme: 'ERROR: No README data found!' } ]
39 info install react-native-cli@2.0.1 into /usr/local/lib
40 info installOne react-native-cli@2.0.1
41 verbose installOne of react-native-cli to /usr/local/lib not in flight; installing
42 verbose correctMkdir /Users/chetankalra/.npm/_locks correctMkdir not in flight; initializing
43 verbose lock using /Users/chetankalra/.npm/_locks/react-native-cli-a444c604a39e8d3e.lock for /usr/local/lib/node_modules/react-native-cli
44 silly install write writing react-native-cli 2.0.1 to /usr/local/lib/node_modules/react-native-cli
45 verbose unbuild lib/node_modules/react-native-cli
46 silly gentlyRm /usr/local/lib/node_modules/react-native-cli is being purged from base /usr/local
47 verbose gentlyRm don't care about contents; nuking /usr/local/lib/node_modules/react-native-cli
48 verbose tar unpack /Users/chetankalra/.npm/react-native-cli/2.0.1/package.tgz
49 verbose tar unpacking to /usr/local/lib/node_modules/react-native-cli
50 silly gentlyRm /usr/local/lib/node_modules/react-native-cli is being purged
51 verbose gentlyRm don't care about contents; nuking /usr/local/lib/node_modules/react-native-cli
52 silly gunzTarPerm modes [ '755', '644' ]
53 error tar.unpack untar error /Users/chetankalra/.npm/react-native-cli/2.0.1/package.tgz
54 verbose unlock done using /Users/chetankalra/.npm/_locks/react-native-cli-a444c604a39e8d3e.lock for /usr/local/lib/node_modules/react-native-cli
55 verbose fstream_path /usr/local/lib/node_modules/react-native-cli
56 verbose fstream_type Directory
57 verbose fstream_class DirWriter
58 verbose stack Error: EACCES: permission denied, mkdir '/usr/local/lib/node_modules/react-native-cli'
58 verbose stack     at Error (native)
59 verbose fstream_stack /usr/local/lib/node_modules/npm/node_modules/fstream/lib/dir-writer.js:35:25
59 verbose fstream_stack /usr/local/lib/node_modules/npm/node_modules/mkdirp/index.js:47:53
59 verbose fstream_stack FSReqWrap.oncomplete (fs.js:82:15)
60 verbose cwd /Applications/XAMPP/xamppfiles/htdocs/Cart/backEnd
61 error Darwin 16.3.0
62 error argv "/usr/local/bin/node" "/usr/local/bin/npm" "install" "-g" "react-native-cli"
63 error node v4.5.0
64 error npm  v2.15.9
65 error path /usr/local/lib/node_modules/react-native-cli
66 error code EACCES
67 error errno -13
68 error syscall mkdir
69 error Error: EACCES: permission denied, mkdir '/usr/local/lib/node_modules/react-native-cli'
69 error     at Error (native)
69 error  { [Error: EACCES: permission denied, mkdir '/usr/local/lib/node_modules/react-native-cli']
69 error   errno: -13,
69 error   code: 'EACCES',
69 error   syscall: 'mkdir',
69 error   path: '/usr/local/lib/node_modules/react-native-cli',
69 error   fstream_type: 'Directory',
69 error   fstream_path: '/usr/local/lib/node_modules/react-native-cli',
69 error   fstream_class: 'DirWriter',
69 error   fstream_stack:
69 error    [ '/usr/local/lib/node_modules/npm/node_modules/fstream/lib/dir-writer.js:35:25',
69 error      '/usr/local/lib/node_modules/npm/node_modules/mkdirp/index.js:47:53',
69 error      'FSReqWrap.oncomplete (fs.js:82:15)' ] }
70 error Please try running this command again as root/Administrator.
71 verbose exit [ -13, true ]
72 verbose unbuild lib/node_modules/react-native-cli
73 silly gentlyRm /usr/local/lib/node_modules/react-native-cli is being purged from base /usr/local
74 verbose gentlyRm don't care about contents; nuking /usr/local/lib/node_modules/react-native-cli
